TN:
SF:src/ejercicio-pe/AbstractFilterMapReduce.ts
FN:15,templateMethod
FN:34,filter
FN:50,map
FNF:3
FNH:0
FNDA:0,templateMethod
FNDA:0,filter
FNDA:0,map
DA:1,1
DA:2,1
DA:3,1
DA:4,1
DA:5,1
DA:6,1
DA:7,1
DA:8,1
DA:9,1
DA:10,1
DA:11,1
DA:12,1
DA:13,1
DA:14,1
DA:15,1
DA:16,0
DA:17,0
DA:18,0
DA:19,0
DA:20,0
DA:21,0
DA:22,0
DA:23,0
DA:24,1
DA:25,1
DA:26,1
DA:27,1
DA:28,1
DA:29,1
DA:30,1
DA:31,1
DA:32,1
DA:33,1
DA:34,1
DA:35,0
DA:36,0
DA:37,0
DA:38,0
DA:39,0
DA:40,0
DA:41,0
DA:42,0
DA:43,1
DA:44,1
DA:45,1
DA:46,1
DA:47,1
DA:48,1
DA:49,1
DA:50,1
DA:51,0
DA:52,0
DA:53,0
DA:54,0
DA:55,0
DA:56,0
DA:57,1
DA:58,1
DA:59,1
DA:60,1
DA:61,1
DA:62,1
DA:63,1
DA:64,1
DA:65,1
DA:66,1
DA:67,1
DA:68,1
LF:68
LH:46
BRF:0
BRH:0
end_of_record
TN:
SF:src/ejercicio-pe/FilterMapAddReduce.ts
FN:23,filter
FN:39,map
FN:52,reduce
FNF:3
FNH:3
FNDA:1,filter
FNDA:1,map
FNDA:1,reduce
DA:1,1
DA:2,1
DA:3,1
DA:4,1
DA:5,1
DA:6,1
DA:7,1
DA:8,1
DA:9,1
DA:10,1
DA:11,1
DA:12,1
DA:13,1
DA:14,1
DA:15,1
DA:16,1
DA:17,1
DA:18,1
DA:19,1
DA:20,1
DA:21,1
DA:22,1
DA:23,1
DA:24,1
DA:25,1
DA:26,10
DA:27,5
DA:28,5
DA:29,10
DA:30,1
DA:31,1
DA:32,1
DA:33,1
DA:34,1
DA:35,1
DA:36,1
DA:37,1
DA:38,1
DA:39,1
DA:40,1
DA:41,1
DA:42,10
DA:43,10
DA:44,1
DA:45,1
DA:46,1
DA:47,1
DA:48,1
DA:49,1
DA:50,1
DA:51,1
DA:52,1
DA:53,1
DA:54,1
DA:55,10
DA:56,10
DA:57,1
DA:58,1
DA:59,1
DA:60,1
DA:61,1
DA:62,1
DA:63,1
DA:64,1
DA:65,1
DA:66,1
DA:67,1
DA:68,1
DA:69,1
DA:70,1
DA:71,1
LF:71
LH:71
BRDA:23,0,0,1
BRDA:25,1,0,10
BRDA:26,2,0,5
BRDA:39,3,0,1
BRDA:41,4,0,10
BRDA:52,5,0,1
BRDA:54,6,0,10
BRF:7
BRH:7
end_of_record
TN:
SF:src/ejercicio-pe/FilterMapDivReduce.ts
FN:15,filter
FN:31,map
FN:44,reduce
FNF:3
FNH:3
FNDA:1,filter
FNDA:1,map
FNDA:1,reduce
DA:1,1
DA:2,1
DA:3,1
DA:4,1
DA:5,1
DA:6,1
DA:7,1
DA:8,1
DA:9,1
DA:10,1
DA:11,1
DA:12,1
DA:13,1
DA:14,1
DA:15,1
DA:16,1
DA:17,1
DA:18,10
DA:19,5
DA:20,5
DA:21,10
DA:22,1
DA:23,1
DA:24,1
DA:25,1
DA:26,1
DA:27,1
DA:28,1
DA:29,1
DA:30,1
DA:31,1
DA:32,1
DA:33,1
DA:34,10
DA:35,10
DA:36,1
DA:37,1
DA:38,1
DA:39,1
DA:40,1
DA:41,1
DA:42,1
DA:43,1
DA:44,1
DA:45,1
DA:46,1
DA:47,10
DA:48,10
DA:49,1
DA:50,1
DA:51,1
LF:51
LH:51
BRDA:15,0,0,1
BRDA:17,1,0,10
BRDA:18,2,0,5
BRDA:31,3,0,1
BRDA:33,4,0,10
BRDA:44,5,0,1
BRDA:46,6,0,10
BRF:7
BRH:7
end_of_record
TN:
SF:src/ejercicio-pe/FilterMapProdReduce.ts
FN:13,filter
FN:29,map
FN:42,reduce
FNF:3
FNH:3
FNDA:1,filter
FNDA:1,map
FNDA:1,reduce
DA:1,1
DA:2,1
DA:3,1
DA:4,1
DA:5,1
DA:6,1
DA:7,1
DA:8,1
DA:9,1
DA:10,1
DA:11,1
DA:12,1
DA:13,1
DA:14,1
DA:15,1
DA:16,10
DA:17,5
DA:18,5
DA:19,10
DA:20,1
DA:21,1
DA:22,1
DA:23,1
DA:24,1
DA:25,1
DA:26,1
DA:27,1
DA:28,1
DA:29,1
DA:30,1
DA:31,1
DA:32,10
DA:33,10
DA:34,1
DA:35,1
DA:36,1
DA:37,1
DA:38,1
DA:39,1
DA:40,1
DA:41,1
DA:42,1
DA:43,1
DA:44,1
DA:45,10
DA:46,10
DA:47,1
DA:48,1
DA:49,1
LF:49
LH:49
BRDA:13,0,0,1
BRDA:15,1,0,10
BRDA:16,2,0,5
BRDA:29,3,0,1
BRDA:31,4,0,10
BRDA:42,5,0,1
BRDA:44,6,0,10
BRF:7
BRH:7
end_of_record
TN:
SF:src/ejercicio-pe/FilterMapSubReduce.ts
FN:13,filter
FN:29,map
FN:42,reduce
FNF:3
FNH:3
FNDA:1,filter
FNDA:1,map
FNDA:1,reduce
DA:1,1
DA:2,1
DA:3,1
DA:4,1
DA:5,1
DA:6,1
DA:7,1
DA:8,1
DA:9,1
DA:10,1
DA:11,1
DA:12,1
DA:13,1
DA:14,1
DA:15,1
DA:16,10
DA:17,5
DA:18,5
DA:19,10
DA:20,1
DA:21,1
DA:22,1
DA:23,1
DA:24,1
DA:25,1
DA:26,1
DA:27,1
DA:28,1
DA:29,1
DA:30,1
DA:31,1
DA:32,10
DA:33,10
DA:34,1
DA:35,1
DA:36,1
DA:37,1
DA:38,1
DA:39,1
DA:40,1
DA:41,1
DA:42,1
DA:43,1
DA:44,1
DA:45,10
DA:46,10
DA:47,1
DA:48,1
DA:49,1
LF:49
LH:49
BRDA:13,0,0,1
BRDA:15,1,0,10
BRDA:16,2,0,5
BRDA:29,3,0,1
BRDA:31,4,0,10
BRDA:42,5,0,1
BRDA:44,6,0,10
BRF:7
BRH:7
end_of_record
