TN:
SF:src/ejercicio-pe/AbstractFilterMapReduce.ts
FN:14,templateMethod
FN:33,filter
FN:49,map
FNF:3
FNH:0
FNDA:0,templateMethod
FNDA:0,filter
FNDA:0,map
DA:1,1
DA:2,1
DA:3,1
DA:4,1
DA:5,1
DA:6,1
DA:7,1
DA:8,1
DA:9,1
DA:10,1
DA:11,1
DA:12,1
DA:13,1
DA:14,1
DA:15,0
DA:16,0
DA:17,0
DA:18,0
DA:19,0
DA:20,0
DA:21,0
DA:22,0
DA:23,1
DA:24,1
DA:25,1
DA:26,1
DA:27,1
DA:28,1
DA:29,1
DA:30,1
DA:31,1
DA:32,1
DA:33,1
DA:34,0
DA:35,0
DA:36,0
DA:37,0
DA:38,0
DA:39,0
DA:40,0
DA:41,0
DA:42,1
DA:43,1
DA:44,1
DA:45,1
DA:46,1
DA:47,1
DA:48,1
DA:49,1
DA:50,0
DA:51,0
DA:52,0
DA:53,0
DA:54,0
DA:55,0
DA:56,1
DA:57,1
DA:58,1
DA:59,1
DA:60,1
DA:61,1
DA:62,1
DA:63,1
DA:64,1
DA:65,1
DA:66,1
LF:66
LH:44
BRF:0
BRH:0
end_of_record
TN:
SF:src/ejercicio-pe/FilterMapAddReduce.ts
FN:26,filter
FN:42,map
FN:55,reduce
FNF:3
FNH:3
FNDA:1,filter
FNDA:1,map
FNDA:1,reduce
DA:1,1
DA:2,1
DA:3,1
DA:4,1
DA:5,1
DA:6,1
DA:7,1
DA:8,1
DA:9,1
DA:10,1
DA:11,1
DA:12,1
DA:13,1
DA:14,1
DA:15,1
DA:16,1
DA:17,1
DA:18,1
DA:19,1
DA:20,1
DA:21,1
DA:22,1
DA:23,1
DA:24,1
DA:25,1
DA:26,1
DA:27,1
DA:28,1
DA:29,10
DA:30,5
DA:31,5
DA:32,10
DA:33,1
DA:34,1
DA:35,1
DA:36,1
DA:37,1
DA:38,1
DA:39,1
DA:40,1
DA:41,1
DA:42,1
DA:43,1
DA:44,1
DA:45,10
DA:46,10
DA:47,1
DA:48,1
DA:49,1
DA:50,1
DA:51,1
DA:52,1
DA:53,1
DA:54,1
DA:55,1
DA:56,1
DA:57,1
DA:58,10
DA:59,10
DA:60,1
DA:61,1
DA:62,1
DA:63,1
DA:64,1
DA:65,1
DA:66,1
DA:67,1
DA:68,1
DA:69,1
DA:70,1
DA:71,1
DA:72,1
DA:73,1
LF:73
LH:73
BRDA:26,0,0,1
BRDA:28,1,0,10
BRDA:29,2,0,5
BRDA:42,3,0,1
BRDA:44,4,0,10
BRDA:55,5,0,1
BRDA:57,6,0,10
BRF:7
BRH:7
end_of_record
TN:
SF:src/ejercicio-pe/FilterMapDivReduce.ts
FN:17,filter
FN:33,map
FN:46,reduce
FNF:3
FNH:3
FNDA:1,filter
FNDA:1,map
FNDA:1,reduce
DA:1,1
DA:2,1
DA:3,1
DA:4,1
DA:5,1
DA:6,1
DA:7,1
DA:8,1
DA:9,1
DA:10,1
DA:11,1
DA:12,1
DA:13,1
DA:14,1
DA:15,1
DA:16,1
DA:17,1
DA:18,1
DA:19,1
DA:20,10
DA:21,5
DA:22,5
DA:23,10
DA:24,1
DA:25,1
DA:26,1
DA:27,1
DA:28,1
DA:29,1
DA:30,1
DA:31,1
DA:32,1
DA:33,1
DA:34,1
DA:35,1
DA:36,10
DA:37,10
DA:38,1
DA:39,1
DA:40,1
DA:41,1
DA:42,1
DA:43,1
DA:44,1
DA:45,1
DA:46,1
DA:47,1
DA:48,1
DA:49,10
DA:50,10
DA:51,1
DA:52,1
DA:53,1
LF:53
LH:53
BRDA:17,0,0,1
BRDA:19,1,0,10
BRDA:20,2,0,5
BRDA:33,3,0,1
BRDA:35,4,0,10
BRDA:46,5,0,1
BRDA:48,6,0,10
BRF:7
BRH:7
end_of_record
TN:
SF:src/ejercicio-pe/FilterMapProdReduce.ts
FN:16,filter
FN:32,map
FN:45,reduce
FNF:3
FNH:3
FNDA:1,filter
FNDA:1,map
FNDA:1,reduce
DA:1,1
DA:2,1
DA:3,1
DA:4,1
DA:5,1
DA:6,1
DA:7,1
DA:8,1
DA:9,1
DA:10,1
DA:11,1
DA:12,1
DA:13,1
DA:14,1
DA:15,1
DA:16,1
DA:17,1
DA:18,1
DA:19,10
DA:20,5
DA:21,5
DA:22,10
DA:23,1
DA:24,1
DA:25,1
DA:26,1
DA:27,1
DA:28,1
DA:29,1
DA:30,1
DA:31,1
DA:32,1
DA:33,1
DA:34,1
DA:35,10
DA:36,10
DA:37,1
DA:38,1
DA:39,1
DA:40,1
DA:41,1
DA:42,1
DA:43,1
DA:44,1
DA:45,1
DA:46,1
DA:47,1
DA:48,10
DA:49,10
DA:50,1
DA:51,1
DA:52,1
LF:52
LH:52
BRDA:16,0,0,1
BRDA:18,1,0,10
BRDA:19,2,0,5
BRDA:32,3,0,1
BRDA:34,4,0,10
BRDA:45,5,0,1
BRDA:47,6,0,10
BRF:7
BRH:7
end_of_record
TN:
SF:src/ejercicio-pe/FilterMapSubReduce.ts
FN:16,filter
FN:32,map
FN:45,reduce
FNF:3
FNH:3
FNDA:1,filter
FNDA:1,map
FNDA:1,reduce
DA:1,1
DA:2,1
DA:3,1
DA:4,1
DA:5,1
DA:6,1
DA:7,1
DA:8,1
DA:9,1
DA:10,1
DA:11,1
DA:12,1
DA:13,1
DA:14,1
DA:15,1
DA:16,1
DA:17,1
DA:18,1
DA:19,10
DA:20,5
DA:21,5
DA:22,10
DA:23,1
DA:24,1
DA:25,1
DA:26,1
DA:27,1
DA:28,1
DA:29,1
DA:30,1
DA:31,1
DA:32,1
DA:33,1
DA:34,1
DA:35,10
DA:36,10
DA:37,1
DA:38,1
DA:39,1
DA:40,1
DA:41,1
DA:42,1
DA:43,1
DA:44,1
DA:45,1
DA:46,1
DA:47,1
DA:48,10
DA:49,10
DA:50,1
DA:51,1
DA:52,1
LF:52
LH:52
BRDA:16,0,0,1
BRDA:18,1,0,10
BRDA:19,2,0,5
BRDA:32,3,0,1
BRDA:34,4,0,10
BRDA:45,5,0,1
BRDA:47,6,0,10
BRF:7
BRH:7
end_of_record
TN:
SF:src/magic/carta.ts
FN:60,<instance_members_initializer>
FN:61,Carta
FNF:2
FNH:2
FNDA:5,<instance_members_initializer>
FNDA:5,Carta
DA:1,1
DA:2,1
DA:3,1
DA:4,1
DA:5,1
DA:6,1
DA:7,1
DA:8,1
DA:9,1
DA:10,1
DA:11,1
DA:12,1
DA:13,1
DA:14,1
DA:15,1
DA:16,1
DA:17,1
DA:18,1
DA:19,1
DA:20,1
DA:21,1
DA:22,1
DA:23,1
DA:24,1
DA:25,1
DA:26,1
DA:27,1
DA:28,1
DA:29,1
DA:30,1
DA:31,1
DA:32,1
DA:33,1
DA:34,1
DA:35,1
DA:36,1
DA:37,1
DA:38,1
DA:39,1
DA:40,1
DA:41,1
DA:42,1
DA:43,1
DA:44,1
DA:45,1
DA:46,1
DA:47,1
DA:48,1
DA:49,1
DA:50,1
DA:51,1
DA:52,1
DA:53,1
DA:54,1
DA:55,1
DA:56,1
DA:57,1
DA:58,1
DA:59,1
DA:60,1
DA:61,5
DA:62,5
DA:63,5
DA:64,5
DA:65,5
DA:66,5
DA:67,5
DA:68,5
DA:69,5
DA:70,5
DA:71,5
DA:72,5
DA:73,5
DA:74,5
DA:75,5
DA:76,5
DA:77,5
DA:78,5
DA:79,5
DA:80,5
DA:81,5
DA:82,5
DA:83,4
DA:84,1
DA:85,1
DA:86,3
DA:87,3
DA:88,5
DA:89,1
DA:90,1
DA:91,1
DA:92,0
DA:93,0
DA:94,5
DA:95,5
LF:95
LH:93
BRDA:5,0,0,1
BRDA:18,1,0,1
BRDA:31,2,0,1
BRDA:60,3,0,5
BRDA:61,4,0,5
BRDA:82,5,0,4
BRDA:83,6,0,1
BRDA:86,7,0,3
BRDA:88,8,0,1
BRDA:92,9,0,0
BRF:10
BRH:9
end_of_record
TN:
SF:src/magic/usuario.ts
FN:9,<instance_members_initializer>
FN:13,Usuario
FN:22,getNombre
FN:30,agregarCarta
FN:50,modificarCarta
FN:71,eliminarCarta
FN:92,listarCartas
FN:105,getColorString
FN:131,mostrarCarta
FN:157,guardarColeccion
FN:165,cargarColeccion
FNF:11
FNH:8
FNDA:1,<instance_members_initializer>
FNDA:1,Usuario
FNDA:1,getNombre
FNDA:1,agregarCarta
FNDA:2,modificarCarta
FNDA:1,eliminarCarta
FNDA:0,listarCartas
FNDA:0,getColorString
FNDA:0,mostrarCarta
FNDA:4,guardarColeccion
FNDA:4,cargarColeccion
DA:1,1
DA:2,1
DA:3,1
DA:4,1
DA:5,1
DA:6,1
DA:7,1
DA:8,1
DA:9,1
DA:10,1
DA:11,1
DA:12,1
DA:13,1
DA:14,1
DA:15,1
DA:16,1
DA:17,1
DA:18,1
DA:19,1
DA:20,1
DA:21,1
DA:22,1
DA:23,1
DA:24,1
DA:25,1
DA:26,1
DA:27,1
DA:28,1
DA:29,1
DA:30,1
DA:31,1
DA:32,1
DA:33,1
DA:34,0
DA:35,0
DA:36,0
DA:37,0
DA:38,0
DA:39,1
DA:40,1
DA:41,1
DA:42,1
DA:43,1
DA:44,1
DA:45,1
DA:46,1
DA:47,1
DA:48,1
DA:49,1
DA:50,1
DA:51,2
DA:52,2
DA:53,2
DA:54,0
DA:55,0
DA:56,0
DA:57,0
DA:58,0
DA:59,0
DA:60,0
DA:61,2
DA:62,2
DA:63,2
DA:64,2
DA:65,1
DA:66,1
DA:67,1
DA:68,1
DA:69,1
DA:70,1
DA:71,1
DA:72,1
DA:73,1
DA:74,1
DA:75,0
DA:76,0
DA:77,0
DA:78,0
DA:79,0
DA:80,0
DA:81,0
DA:82,1
DA:83,1
DA:84,1
DA:85,1
DA:86,1
DA:87,1
DA:88,1
DA:89,1
DA:90,1
DA:91,1
DA:92,1
DA:93,0
DA:94,0
DA:95,0
DA:96,0
DA:97,0
DA:98,0
DA:99,1
DA:100,1
DA:101,1
DA:102,1
DA:103,1
DA:104,1
DA:105,1
DA:106,0
DA:107,0
DA:108,0
DA:109,0
DA:110,0
DA:111,0
DA:112,0
DA:113,0
DA:114,0
DA:115,0
DA:116,0
DA:117,0
DA:118,0
DA:119,0
DA:120,0
DA:121,0
DA:122,0
DA:123,0
DA:124,0
DA:125,1
DA:126,1
DA:127,1
DA:128,1
DA:129,1
DA:130,1
DA:131,1
DA:132,0
DA:133,0
DA:134,0
DA:135,0
DA:136,0
DA:137,0
DA:138,0
DA:139,0
DA:140,0
DA:141,0
DA:142,0
DA:143,0
DA:144,0
DA:145,0
DA:146,0
DA:147,0
DA:148,0
DA:149,0
DA:150,0
DA:151,0
DA:152,0
DA:153,1
DA:154,1
DA:155,1
DA:156,1
DA:157,1
DA:158,4
DA:159,4
DA:160,4
DA:161,1
DA:162,1
DA:163,1
DA:164,1
DA:165,1
DA:166,4
DA:167,4
DA:168,4
DA:169,4
DA:170,4
DA:171,4
DA:172,1
LF:172
LH:107
BRDA:9,0,0,1
BRDA:13,1,0,1
BRDA:22,2,0,1
BRDA:30,3,0,1
BRDA:33,4,0,0
BRDA:50,5,0,2
BRDA:53,6,0,0
BRDA:52,7,0,2
BRDA:71,8,0,1
BRDA:74,9,0,0
BRDA:73,10,0,1
BRDA:157,11,0,4
BRDA:165,12,0,4
BRF:13
BRH:10
end_of_record
